TN:
SF:src/app.js
FN:43,(anonymous_0)
FN:59,(anonymous_1)
FNF:2
FNH:1
FNDA:3,(anonymous_0)
FNDA:0,(anonymous_1)
DA:1,2
DA:2,2
DA:3,2
DA:4,2
DA:5,2
DA:6,2
DA:7,2
DA:10,2
DA:13,2
DA:14,2
DA:17,2
DA:18,2
DA:20,2
DA:23,2
DA:24,2
DA:32,2
DA:37,2
DA:40,2
DA:41,2
DA:43,3
DA:48,2
DA:49,2
DA:52,2
DA:53,2
DA:56,2
DA:59,2
DA:60,0
DA:66,2
LF:28
LH:27
BRDA:26,0,0,2
BRDA:26,0,1,0
BRF:2
BRH:1
end_of_record
TN:
SF:src/controllers/inquiryController.js
FN:12,(anonymous_0)
FN:20,(anonymous_1)
FN:36,(anonymous_2)
FN:52,(anonymous_3)
FN:80,(anonymous_4)
FN:88,(anonymous_5)
FN:164,(anonymous_6)
FN:191,(anonymous_7)
FN:201,(anonymous_8)
FN:230,(anonymous_9)
FN:254,(anonymous_10)
FNF:11
FNH:0
FNDA:0,(anonymous_0)
FNDA:0,(anonymous_1)
FNDA:0,(anonymous_2)
FNDA:0,(anonymous_3)
FNDA:0,(anonymous_4)
FNDA:0,(anonymous_5)
FNDA:0,(anonymous_6)
FNDA:0,(anonymous_7)
FNDA:0,(anonymous_8)
FNDA:0,(anonymous_9)
FNDA:0,(anonymous_10)
DA:1,2
DA:2,2
DA:3,2
DA:8,2
DA:13,0
DA:15,0
DA:16,0
DA:17,0
DA:20,0
DA:25,0
DA:32,0
DA:33,0
DA:36,0
DA:37,0
DA:38,0
DA:39,0
DA:40,0
DA:41,0
DA:42,0
DA:44,0
DA:52,0
DA:53,0
DA:54,0
DA:55,0
DA:57,0
DA:64,0
DA:74,0
DA:75,0
DA:81,0
DA:83,0
DA:84,0
DA:85,0
DA:88,0
DA:103,0
DA:106,0
DA:107,0
DA:108,0
DA:109,0
DA:112,0
DA:113,0
DA:114,0
DA:115,0
DA:119,0
DA:120,0
DA:129,0
DA:130,0
DA:133,0
DA:134,0
DA:143,0
DA:145,0
DA:158,0
DA:159,0
DA:165,0
DA:166,0
DA:168,0
DA:173,0
DA:174,0
DA:180,0
DA:185,0
DA:186,0
DA:192,0
DA:193,0
DA:196,0
DA:197,0
DA:198,0
DA:201,0
DA:205,0
DA:211,0
DA:212,0
DA:218,0
DA:224,0
DA:225,0
DA:231,0
DA:232,0
DA:234,0
DA:236,0
DA:237,0
DA:243,0
DA:248,0
DA:249,0
DA:255,0
DA:256,0
DA:275,0
DA:284,0
DA:293,0
DA:308,0
DA:309,0
DA:314,2
LF:88
LH:5
BRDA:16,0,0,0
BRDA:16,0,1,0
BRDA:27,1,0,0
BRDA:27,1,1,0
BRDA:84,2,0,0
BRDA:84,2,1,0
BRDA:107,3,0,0
BRDA:107,3,1,0
BRDA:108,4,0,0
BRDA:108,4,1,0
BRDA:109,5,0,0
BRDA:109,5,1,0
BRDA:112,6,0,0
BRDA:112,6,1,0
BRDA:112,7,0,0
BRDA:112,7,1,0
BRDA:114,8,0,0
BRDA:114,8,1,0
BRDA:115,9,0,0
BRDA:115,9,1,0
BRDA:119,10,0,0
BRDA:119,10,1,0
BRDA:130,11,0,0
BRDA:130,11,1,0
BRDA:173,12,0,0
BRDA:173,12,1,0
BRDA:197,13,0,0
BRDA:197,13,1,0
BRDA:211,14,0,0
BRDA:211,14,1,0
BRDA:236,15,0,0
BRDA:236,15,1,0
BRDA:296,16,0,0
BRDA:296,16,1,0
BRF:34
BRH:0
end_of_record
TN:
SF:src/middleware/errorHandler.js
FN:3,(anonymous_0)
FN:31,(anonymous_1)
FNF:2
FNH:0
FNDA:0,(anonymous_0)
FNDA:0,(anonymous_1)
DA:1,2
DA:3,2
DA:4,0
DA:5,0
DA:8,0
DA:17,0
DA:18,0
DA:19,0
DA:23,0
DA:24,0
DA:25,0
DA:29,0
DA:30,0
DA:31,0
DA:33,0
DA:37,0
DA:38,0
DA:39,0
DA:42,0
DA:43,0
DA:44,0
DA:48,0
DA:49,0
DA:50,0
DA:53,0
DA:60,2
LF:26
LH:3
BRDA:17,0,0,0
BRDA:17,0,1,0
BRDA:23,1,0,0
BRDA:23,1,1,0
BRDA:29,2,0,0
BRDA:29,2,1,0
BRDA:37,3,0,0
BRDA:37,3,1,0
BRDA:42,4,0,0
BRDA:42,4,1,0
BRDA:48,5,0,0
BRDA:48,5,1,0
BRDA:53,6,0,0
BRDA:53,6,1,0
BRDA:55,7,0,0
BRDA:55,7,1,0
BRDA:56,8,0,0
BRDA:56,8,1,0
BRF:18
BRH:0
end_of_record
TN:
SF:src/models/Inquiry.js
FN:117,(anonymous_0)
FN:122,(anonymous_1)
FN:134,(anonymous_2)
FN:138,(anonymous_3)
FNF:4
FNH:0
FNDA:0,(anonymous_0)
FNDA:0,(anonymous_1)
FNDA:0,(anonymous_2)
FNDA:0,(anonymous_3)
DA:1,2
DA:3,2
DA:110,2
DA:111,2
DA:112,2
DA:113,2
DA:114,2
DA:117,2
DA:118,0
DA:122,2
DA:123,0
DA:128,0
DA:130,0
DA:134,2
DA:135,0
DA:138,2
DA:139,0
DA:147,2
LF:18
LH:12
BRDA:123,0,0,0
BRDA:123,0,1,0
BRDA:124,1,0,0
BRDA:124,1,1,0
BRDA:124,1,2,0
BRF:5
BRH:0
end_of_record
TN:
SF:src/routes/healthRoutes.js
FN:6,(anonymous_0)
FN:39,(anonymous_1)
FN:50,(anonymous_2)
FNF:3
FNH:3
FNDA:1,(anonymous_0)
FNDA:1,(anonymous_1)
FNDA:1,(anonymous_2)
DA:1,2
DA:2,2
DA:3,2
DA:6,2
DA:7,1
DA:30,1
DA:32,1
DA:39,2
DA:40,1
DA:42,1
DA:50,2
DA:51,1
DA:58,2
LF:13
LH:13
BRDA:11,0,0,1
BRDA:11,0,1,0
BRDA:12,1,0,1
BRDA:12,1,1,0
BRDA:15,2,0,0
BRDA:15,2,1,1
BRDA:30,3,0,0
BRDA:30,3,1,1
BRDA:42,4,0,0
BRDA:42,4,1,1
BRDA:44,5,0,0
BRDA:44,5,1,1
BRF:12
BRH:6
end_of_record
TN:
SF:src/routes/inquiryRoutes.js
FNF:0
FNH:0
DA:1,2
DA:2,2
DA:3,2
DA:5,2
DA:8,2
DA:21,2
DA:24,2
DA:25,2
DA:26,2
DA:27,2
DA:28,2
DA:30,2
LF:12
LH:12
BRF:0
BRH:0
end_of_record
TN:
SF:src/services/emailService.js
FN:5,(anonymous_0)
FN:17,(anonymous_1)
FN:27,(anonymous_2)
FN:50,(anonymous_3)
FN:76,(anonymous_4)
FN:176,(anonymous_5)
FN:209,(anonymous_6)
FN:253,(anonymous_7)
FN:276,(anonymous_8)
FN:286,(anonymous_9)
FNF:10
FNH:2
FNDA:2,(anonymous_0)
FNDA:1,(anonymous_1)
FNDA:0,(anonymous_2)
FNDA:0,(anonymous_3)
FNDA:0,(anonymous_4)
FNDA:0,(anonymous_5)
FNDA:0,(anonymous_6)
FNDA:0,(anonymous_7)
FNDA:0,(anonymous_8)
FNDA:0,(anonymous_9)
DA:1,2
DA:2,2
DA:6,2
DA:17,2
DA:18,1
DA:19,0
DA:21,1
DA:28,0
DA:29,0
DA:37,0
DA:38,0
DA:42,0
DA:44,0
DA:45,0
DA:51,0
DA:52,0
DA:53,0
DA:54,0
DA:55,0
DA:58,0
DA:66,0
DA:67,0
DA:68,0
DA:70,0
DA:71,0
DA:77,0
DA:177,0
DA:210,0
DA:254,0
DA:277,0
DA:283,0
DA:287,0
DA:293,0
DA:297,2
LF:34
LH:7
BRDA:8,0,0,2
BRDA:8,0,1,0
BRDA:18,1,0,0
BRDA:18,1,1,1
BRDA:30,2,0,0
BRDA:30,2,1,0
BRDA:30,3,0,0
BRDA:30,3,1,0
BRDA:53,4,0,0
BRDA:53,4,1,0
BRDA:59,5,0,0
BRDA:59,5,1,0
BRDA:59,6,0,0
BRDA:59,6,1,0
BRDA:155,7,0,0
BRDA:155,7,1,0
BRDA:161,8,0,0
BRDA:161,8,1,0
BRDA:165,9,0,0
BRDA:165,9,1,0
BRDA:166,10,0,0
BRDA:166,10,1,0
BRDA:167,11,0,0
BRDA:167,11,1,0
BRDA:167,12,0,0
BRDA:167,12,1,0
BRDA:180,13,0,0
BRDA:180,13,1,0
BRDA:198,14,0,0
BRDA:198,14,1,0
BRDA:201,15,0,0
BRDA:201,15,1,0
BRDA:203,16,0,0
BRDA:203,16,1,0
BRDA:204,17,0,0
BRDA:204,17,1,0
BRDA:233,18,0,0
BRDA:233,18,1,0
BRDA:234,19,0,0
BRDA:234,19,1,0
BRDA:239,20,0,0
BRDA:239,20,1,0
BRDA:255,21,0,0
BRDA:255,21,1,0
BRDA:260,22,0,0
BRDA:260,22,1,0
BRDA:261,23,0,0
BRDA:261,23,1,0
BRDA:266,24,0,0
BRDA:266,24,1,0
BRDA:283,25,0,0
BRDA:283,25,1,0
BRDA:293,26,0,0
BRDA:293,26,1,0
BRF:54
BRH:2
end_of_record
TN:
SF:src/utils/logger.js
FNF:0
FNH:0
DA:1,2
DA:2,2
DA:5,2
DA:6,2
DA:7,2
DA:8,0
DA:12,2
DA:19,2
DA:41,2
DA:42,2
DA:52,2
LF:11
LH:10
BRDA:7,0,0,0
BRDA:7,0,1,2
BRDA:20,1,0,2
BRDA:20,1,1,0
BRDA:41,2,0,2
BRDA:41,2,1,0
BRF:6
BRH:3
end_of_record
TN:
SF:src/validators/inquiryValidator.js
FNF:0
FNH:0
DA:1,2
DA:3,2
DA:54,2
DA:73,2
DA:101,2
LF:5
LH:5
BRF:0
BRH:0
end_of_record
